<?xml version="1.0" encoding="UTF-8"?>
<!-- Generated by org.testng.reporters.JUnitReportReporter -->
<testsuite hostname="Hyperion" failures="0" tests="1" name="files.SumValidation" time="1.315" errors="0" timestamp="2020-05-07T12:19:11 BST" skipped="0">
  <testcase classname="files.SumValidation" name="SumOfCourses" time="1.315"/>
  <system-out/>
</testsuite> <!-- files.SumValidation -->
